-------------------------------------------
Batch: 0
-------------------------------------------
+--------------------+-----+
|            customer|score|
+--------------------+-----+
|Larry.Spencer@tes...| 13.0|
|Angie.Doshi@test.com|  2.0|
|Sarah.Sanchez@tes...| 16.0|
|    Eric.Wu@test.com|-32.0|
|Danny.Mitra@test.com| 32.5|
| John.Jones@test.com| -4.0|
|Neeraj.Lincoln@te...| -4.5|
| Jason.Huey@test.com| -0.5|
|Santosh.Harris@te...| -3.0|
|Jane.Anandh@test.com| -4.5|
|Trevor.Lincoln@te...| -2.0|
|David.Spencer@tes...| -4.5|
|  Ben.Jones@test.com| -3.5|
|Travis.Clayton@te...|-12.0|
|Sarah.Khatib@test...| 36.5|
|Frank.Lincoln@tes...| 13.5|
|Chris.Harris@test...|-12.0|
|Spencer.Khatib@te...|  5.0|
|Angie.Jefferson@t...| -6.5|
|    Gail.Wu@test.com|-12.5|
+--------------------+-----+
only showing top 20 rows

-------------------------------------------
Batch: 1
-------------------------------------------
+--------------------+-----+
|            customer|score|
+--------------------+-----+
|Larry.Spencer@tes...| -8.0|
|Angie.Doshi@test.com| 16.5|
|Sarah.Sanchez@tes...| 11.0|
+--------------------+-----+

-------------------------------------------
Batch: 2
-------------------------------------------
+----------------+-----+
|        customer|score|
+----------------+-----+
|Eric.Wu@test.com|-11.0|
+----------------+-----+

-------------------------------------------
Batch: 3
-------------------------------------------
+--------------------+-----+
|            customer|score|
+--------------------+-----+
|Danny.Mitra@test.com|  1.5|
+--------------------+-----+

-------------------------------------------
Batch: 4
-------------------------------------------
+-------------------+-----+
|           customer|score|
+-------------------+-----+
|John.Jones@test.com| -2.0|
+-------------------+-----+

-------------------------------------------
Batch: 5
-------------------------------------------
+--------------------+-----+
|            customer|score|
+--------------------+-----+
|Neeraj.Lincoln@te...| -4.0|
+--------------------+-----+

-------------------------------------------
Batch: 6
-------------------------------------------
+-------------------+-----+
|           customer|score|
+-------------------+-----+
|Jason.Huey@test.com|  0.0|
+-------------------+-----+

-------------------------------------------
Batch: 7
-------------------------------------------
+--------------------+-----+
|            customer|score|
+--------------------+-----+
|Santosh.Harris@te...| -4.5|
+--------------------+-----+

-------------------------------------------
Batch: 8
-------------------------------------------
+--------------------+-----+
|            customer|score|
+--------------------+-----+
|Jane.Anandh@test.com| -4.0|
+--------------------+-----+

-------------------------------------------
Batch: 9
-------------------------------------------
+--------------------+-----+
|            customer|score|
+--------------------+-----+
|Trevor.Lincoln@te...| -4.0|
+--------------------+-----+

-------------------------------------------
Batch: 10
-------------------------------------------
+--------------------+-----+
|            customer|score|
+--------------------+-----+
|David.Spencer@tes...| -5.5|
+--------------------+-----+

-------------------------------------------
Batch: 11
-------------------------------------------
+------------------+-----+
|          customer|score|
+------------------+-----+
|Ben.Jones@test.com| -4.0|
+------------------+-----+

-------------------------------------------
Batch: 12
-------------------------------------------
+--------------------+-----+
|            customer|score|
+--------------------+-----+
|Travis.Clayton@te...|-29.5|
+--------------------+-----+

-------------------------------------------
Batch: 13
-------------------------------------------
+--------------------+-----+
|            customer|score|
+--------------------+-----+
|Sarah.Khatib@test...| 21.5|
+--------------------+-----+

-------------------------------------------
Batch: 14
-------------------------------------------
+--------------------+-----+
|            customer|score|
+--------------------+-----+
|Frank.Lincoln@tes...|-15.0|
+--------------------+-----+

-------------------------------------------
Batch: 15
-------------------------------------------
+--------------------+-----+
|            customer|score|
+--------------------+-----+
|Chris.Harris@test...|  4.0|
+--------------------+-----+

-------------------------------------------
Batch: 16
-------------------------------------------
+--------------------+-----+
|            customer|score|
+--------------------+-----+
|Spencer.Khatib@te...| 37.0|
+--------------------+-----+

-------------------------------------------
Batch: 17
-------------------------------------------
+--------------------+-----+
|            customer|score|
+--------------------+-----+
|Angie.Jefferson@t...|-10.5|
+--------------------+-----+

-------------------------------------------
Batch: 18
-------------------------------------------
+----------------+-----+
|        customer|score|
+----------------+-----+
|Gail.Wu@test.com|  7.0|
+----------------+-----+

-------------------------------------------
Batch: 19
-------------------------------------------
+--------------------+-----+
|            customer|score|
+--------------------+-----+
|David.Habschied@t...| 44.5|
+--------------------+-----+

-------------------------------------------
Batch: 20
-------------------------------------------
+--------------------+-----+
|            customer|score|
+--------------------+-----+
|Santosh.Spencer@t...|  0.0|
+--------------------+-----+

-------------------------------------------
Batch: 21
-------------------------------------------
+--------------------+-----+
|            customer|score|
+--------------------+-----+
|Sarah.Fibonnaci@t...|  0.5|
+--------------------+-----+

-------------------------------------------
Batch: 22
-------------------------------------------
+--------------------+-----+
|            customer|score|
+--------------------+-----+
|Larry.Spencer@tes...|-10.5|
+--------------------+-----+

-------------------------------------------
Batch: 23
-------------------------------------------
+--------------------+-----+
|            customer|score|
+--------------------+-----+
|Angie.Doshi@test.com| 44.0|
+--------------------+-----+

-------------------------------------------
Batch: 24
-------------------------------------------
+--------------------+-----+
|            customer|score|
+--------------------+-----+
|Sarah.Sanchez@tes...|  6.0|
+--------------------+-----+

-------------------------------------------
Batch: 25
-------------------------------------------
+----------------+-----+
|        customer|score|
+----------------+-----+
|Eric.Wu@test.com| 26.0|
+----------------+-----+

-------------------------------------------
Batch: 26
-------------------------------------------
+--------------------+-----+
|            customer|score|
+--------------------+-----+
|Danny.Mitra@test.com|-23.0|
+--------------------+-----+

-------------------------------------------
Batch: 27
-------------------------------------------
+-------------------+-----+
|           customer|score|
+-------------------+-----+
|John.Jones@test.com| -0.5|
+-------------------+-----+

-------------------------------------------
Batch: 28
-------------------------------------------
+--------------------+-----+
|            customer|score|
+--------------------+-----+
|Neeraj.Lincoln@te...| -5.0|
+--------------------+-----+

-------------------------------------------
Batch: 29
-------------------------------------------
+-------------------+-----+
|           customer|score|
+-------------------+-----+
|Jason.Huey@test.com| -1.0|
+-------------------+-----+

-------------------------------------------
Batch: 30
-------------------------------------------
+--------------------+-----+
|            customer|score|
+--------------------+-----+
|Santosh.Harris@te...| -5.0|
+--------------------+-----+

-------------------------------------------
Batch: 31
-------------------------------------------
+--------------------+-----+
|            customer|score|
+--------------------+-----+
|Jane.Anandh@test.com| -4.5|
+--------------------+-----+

-------------------------------------------
Batch: 32
-------------------------------------------
+--------------------+-----+
|            customer|score|
+--------------------+-----+
|Trevor.Lincoln@te...| -3.5|
+--------------------+-----+

-------------------------------------------
Batch: 33
-------------------------------------------
+--------------------+-----+
|            customer|score|
+--------------------+-----+
|David.Spencer@tes...| -5.0|
+--------------------+-----+

-------------------------------------------
Batch: 34
-------------------------------------------
+------------------+-----+
|          customer|score|
+------------------+-----+
|Ben.Jones@test.com| -2.5|
+------------------+-----+

-------------------------------------------
Batch: 35
-------------------------------------------
+--------------------+-----+
|            customer|score|
+--------------------+-----+
|Travis.Clayton@te...| -4.0|
+--------------------+-----+

-------------------------------------------
Batch: 36
-------------------------------------------
+--------------------+-----+
|            customer|score|
+--------------------+-----+
|Sarah.Khatib@test...|-21.5|
+--------------------+-----+

-------------------------------------------
Batch: 37
-------------------------------------------
+--------------------+-----+
|            customer|score|
+--------------------+-----+
|Frank.Lincoln@tes...|-21.5|
+--------------------+-----+

-------------------------------------------
Batch: 38
-------------------------------------------
+--------------------+-----+
|            customer|score|
+--------------------+-----+
|Chris.Harris@test...| -8.5|
+--------------------+-----+

-------------------------------------------
Batch: 39
-------------------------------------------
+--------------------+-----+
|            customer|score|
+--------------------+-----+
|Spencer.Khatib@te...| -0.5|
+--------------------+-----+

-------------------------------------------
Batch: 40
-------------------------------------------
+--------------------+-----+
|            customer|score|
+--------------------+-----+
|Angie.Jefferson@t...|  1.5|
+--------------------+-----+

-------------------------------------------
Batch: 41
-------------------------------------------
+----------------+-----+
|        customer|score|
+----------------+-----+
|Gail.Wu@test.com| 19.0|
+----------------+-----+

-------------------------------------------
Batch: 42
-------------------------------------------
+--------------------+-----+
|            customer|score|
+--------------------+-----+
|David.Habschied@t...| 23.0|
+--------------------+-----+

-------------------------------------------
Batch: 43
-------------------------------------------
+--------------------+-----+
|            customer|score|
+--------------------+-----+
|Santosh.Spencer@t...|-15.5|
+--------------------+-----+

-------------------------------------------
Batch: 44
-------------------------------------------
+--------------------+-----+
|            customer|score|
+--------------------+-----+
|Sarah.Fibonnaci@t...|  0.0|
+--------------------+-----+

-------------------------------------------
Batch: 45
-------------------------------------------
+--------------------+-----+
|            customer|score|
+--------------------+-----+
|Larry.Spencer@tes...| -6.5|
+--------------------+-----+

-------------------------------------------
Batch: 46
-------------------------------------------
+--------------------+-----+
|            customer|score|
+--------------------+-----+
|Angie.Doshi@test.com| 11.5|
+--------------------+-----+

-------------------------------------------
Batch: 47
-------------------------------------------
+--------------------+-----+
|            customer|score|
+--------------------+-----+
|Sarah.Sanchez@tes...|  7.0|
+--------------------+-----+

-------------------------------------------
Batch: 48
-------------------------------------------
+----------------+-----+
|        customer|score|
+----------------+-----+
|Eric.Wu@test.com| -1.0|
+----------------+-----+

-------------------------------------------
Batch: 49
-------------------------------------------
+--------------------+-----+
|            customer|score|
+--------------------+-----+
|Danny.Mitra@test.com| -2.5|
+--------------------+-----+

-------------------------------------------
Batch: 50
-------------------------------------------
+-------------------+-----+
|           customer|score|
+-------------------+-----+
|John.Jones@test.com| -0.5|
+-------------------+-----+

-------------------------------------------
Batch: 51
-------------------------------------------
+--------------------+-----+
|            customer|score|
+--------------------+-----+
|Neeraj.Lincoln@te...| -5.5|
+--------------------+-----+

-------------------------------------------
Batch: 52
-------------------------------------------
+-------------------+-----+
|           customer|score|
+-------------------+-----+
|Jason.Huey@test.com| -3.0|
+-------------------+-----+

-------------------------------------------
Batch: 53
-------------------------------------------
+--------------------+-----+
|            customer|score|
+--------------------+-----+
|Santosh.Harris@te...| -2.5|
+--------------------+-----+

-------------------------------------------
Batch: 54
-------------------------------------------
+--------------------+-----+
|            customer|score|
+--------------------+-----+
|Jane.Anandh@test.com| -4.0|
+--------------------+-----+

-------------------------------------------
Batch: 55
-------------------------------------------
+--------------------+-----+
|            customer|score|
+--------------------+-----+
|Trevor.Lincoln@te...| -1.5|
+--------------------+-----+

-------------------------------------------
Batch: 56
-------------------------------------------
+--------------------+-----+
|            customer|score|
+--------------------+-----+
|David.Spencer@tes...| -2.5|
+--------------------+-----+

-------------------------------------------
Batch: 57
-------------------------------------------
+------------------+-----+
|          customer|score|
+------------------+-----+
|Ben.Jones@test.com| -0.5|
+------------------+-----+

-------------------------------------------
Batch: 58
-------------------------------------------
+--------------------+-----+
|            customer|score|
+--------------------+-----+
|Travis.Clayton@te...| 11.5|
+--------------------+-----+

-------------------------------------------
Batch: 59
-------------------------------------------
+--------------------+-----+
|            customer|score|
+--------------------+-----+
|Sarah.Khatib@test...|-30.0|
+--------------------+-----+

-------------------------------------------
Batch: 60
-------------------------------------------
+--------------------+-----+
|            customer|score|
+--------------------+-----+
|Frank.Lincoln@tes...|-33.0|
+--------------------+-----+

-------------------------------------------
Batch: 61
-------------------------------------------
+--------------------+-----+
|            customer|score|
+--------------------+-----+
|Chris.Harris@test...| -6.0|
+--------------------+-----+

-------------------------------------------
Batch: 62
-------------------------------------------
+--------------------+-----+
|            customer|score|
+--------------------+-----+
|Spencer.Khatib@te...|-31.0|
+--------------------+-----+

-------------------------------------------
Batch: 63
-------------------------------------------
+--------------------+-----+
|            customer|score|
+--------------------+-----+
|Angie.Jefferson@t...|-15.0|
+--------------------+-----+

-------------------------------------------
Batch: 64
-------------------------------------------
+----------------+-----+
|        customer|score|
+----------------+-----+
|Gail.Wu@test.com| -5.0|
+----------------+-----+

-------------------------------------------
Batch: 65
-------------------------------------------
+--------------------+-----+
|            customer|score|
+--------------------+-----+
|David.Habschied@t...| -4.5|
+--------------------+-----+

-------------------------------------------
Batch: 66
-------------------------------------------
+--------------------+-----+
|            customer|score|
+--------------------+-----+
|Santosh.Spencer@t...|-21.0|
+--------------------+-----+

-------------------------------------------
Batch: 67
-------------------------------------------
+--------------------+-----+
|            customer|score|
+--------------------+-----+
|Sarah.Fibonnaci@t...| -7.0|
+--------------------+-----+

-------------------------------------------
Batch: 68
-------------------------------------------
+--------------------+-----+
|            customer|score|
+--------------------+-----+
|Larry.Spencer@tes...|-11.0|
+--------------------+-----+

-------------------------------------------
Batch: 69
-------------------------------------------
+--------------------+-----+
|            customer|score|
+--------------------+-----+
|Angie.Doshi@test.com|-40.0|
+--------------------+-----+

-------------------------------------------
Batch: 70
-------------------------------------------
+--------------------+-----+
|            customer|score|
+--------------------+-----+
|Sarah.Sanchez@tes...|-19.0|
+--------------------+-----+

-------------------------------------------
Batch: 71
-------------------------------------------
+----------------+-----+
|        customer|score|
+----------------+-----+
|Eric.Wu@test.com|-33.0|
+----------------+-----+

-------------------------------------------
Batch: 72
-------------------------------------------
+--------------------+-----+
|            customer|score|
+--------------------+-----+
|Danny.Mitra@test.com| 41.5|
+--------------------+-----+

-------------------------------------------
Batch: 73
-------------------------------------------
+-------------------+-----+
|           customer|score|
+-------------------+-----+
|John.Jones@test.com| -1.5|
+-------------------+-----+

-------------------------------------------
Batch: 74
-------------------------------------------
+--------------------+-----+
|            customer|score|
+--------------------+-----+
|Neeraj.Lincoln@te...| -4.0|
+--------------------+-----+

-------------------------------------------
Batch: 75
-------------------------------------------
+-------------------+-----+
|           customer|score|
+-------------------+-----+
|Jason.Huey@test.com| -3.5|
+-------------------+-----+

-------------------------------------------
Batch: 76
-------------------------------------------
+--------------------+-----+
|            customer|score|
+--------------------+-----+
|Santosh.Harris@te...| -2.0|
+--------------------+-----+

-------------------------------------------
Batch: 77
-------------------------------------------
+--------------------+-----+
|            customer|score|
+--------------------+-----+
|Jane.Anandh@test.com| -2.0|
+--------------------+-----+

-------------------------------------------
Batch: 78
-------------------------------------------
+--------------------+-----+
|            customer|score|
+--------------------+-----+
|Trevor.Lincoln@te...| -2.5|
+--------------------+-----+

-------------------------------------------
Batch: 79
-------------------------------------------
+--------------------+-----+
|            customer|score|
+--------------------+-----+
|David.Spencer@tes...| -1.0|
+--------------------+-----+

-------------------------------------------
Batch: 80
-------------------------------------------
+------------------+-----+
|          customer|score|
+------------------+-----+
|Ben.Jones@test.com| -1.0|
+------------------+-----+

-------------------------------------------
Batch: 81
-------------------------------------------
+--------------------+-----+
|            customer|score|
+--------------------+-----+
|Travis.Clayton@te...| 23.5|
+--------------------+-----+

-------------------------------------------
Batch: 82
-------------------------------------------
+--------------------+-----+
|            customer|score|
+--------------------+-----+
|Sarah.Khatib@test...|-16.0|
+--------------------+-----+

-------------------------------------------
Batch: 83
-------------------------------------------
+--------------------+-----+
|            customer|score|
+--------------------+-----+
|Frank.Lincoln@tes...|  7.0|
+--------------------+-----+

-------------------------------------------
Batch: 84
-------------------------------------------
+--------------------+-----+
|            customer|score|
+--------------------+-----+
|Chris.Harris@test...| -0.5|
+--------------------+-----+

-------------------------------------------
Batch: 85
-------------------------------------------
+--------------------+-----+
|            customer|score|
+--------------------+-----+
|Spencer.Khatib@te...|-22.0|
+--------------------+-----+

-------------------------------------------
Batch: 86
-------------------------------------------
+--------------------+-----+
|            customer|score|
+--------------------+-----+
|Angie.Jefferson@t...| 12.5|
+--------------------+-----+

-------------------------------------------
Batch: 87
-------------------------------------------
+----------------+-----+
|        customer|score|
+----------------+-----+
|Gail.Wu@test.com|-31.5|
+----------------+-----+

-------------------------------------------
Batch: 88
-------------------------------------------
+--------------------+-----+
|            customer|score|
+--------------------+-----+
|David.Habschied@t...|-17.5|
+--------------------+-----+

-------------------------------------------
Batch: 89
-------------------------------------------
+--------------------+-----+
|            customer|score|
+--------------------+-----+
|Santosh.Spencer@t...| -6.0|
+--------------------+-----+

-------------------------------------------
Batch: 90
-------------------------------------------
+--------------------+-----+
|            customer|score|
+--------------------+-----+
|Sarah.Fibonnaci@t...| -2.5|
+--------------------+-----+

-------------------------------------------
Batch: 91
-------------------------------------------
+--------------------+-----+
|            customer|score|
+--------------------+-----+
|Larry.Spencer@tes...|-14.0|
+--------------------+-----+

-------------------------------------------
Batch: 92
-------------------------------------------
+--------------------+-----+
|            customer|score|
+--------------------+-----+
|Angie.Doshi@test.com|-36.5|
+--------------------+-----+

-------------------------------------------
Batch: 93
-------------------------------------------
+--------------------+-----+
|            customer|score|
+--------------------+-----+
|Sarah.Sanchez@tes...|-30.5|
+--------------------+-----+

-------------------------------------------
Batch: 94
-------------------------------------------
+----------------+-----+
|        customer|score|
+----------------+-----+
|Eric.Wu@test.com|-14.5|
+----------------+-----+

-------------------------------------------
Batch: 95
-------------------------------------------
+--------------------+-----+
|            customer|score|
+--------------------+-----+
|Danny.Mitra@test.com| -2.0|
+--------------------+-----+

-------------------------------------------
Batch: 96
-------------------------------------------
+-------------------+-----+
|           customer|score|
+-------------------+-----+
|John.Jones@test.com| -2.0|
+-------------------+-----+

-------------------------------------------
Batch: 97
-------------------------------------------
+--------------------+-----+
|            customer|score|
+--------------------+-----+
|Neeraj.Lincoln@te...| -3.0|
+--------------------+-----+

-------------------------------------------
Batch: 98
-------------------------------------------
+-------------------+-----+
|           customer|score|
+-------------------+-----+
|Jason.Huey@test.com| -3.0|
+-------------------+-----+

-------------------------------------------
Batch: 99
-------------------------------------------
+--------------------+-----+
|            customer|score|
+--------------------+-----+
|Santosh.Harris@te...| -4.5|
+--------------------+-----+

-------------------------------------------
Batch: 100
-------------------------------------------
+--------------------+-----+
|            customer|score|
+--------------------+-----+
|Jane.Anandh@test.com| -0.5|
+--------------------+-----+

-------------------------------------------
Batch: 101
-------------------------------------------
+--------------------+-----+
|            customer|score|
+--------------------+-----+
|Trevor.Lincoln@te...| -5.0|
+--------------------+-----+

-------------------------------------------
Batch: 102
-------------------------------------------
+--------------------+-----+
|            customer|score|
+--------------------+-----+
|David.Spencer@tes...| -1.0|
+--------------------+-----+

-------------------------------------------
Batch: 103
-------------------------------------------
+------------------+-----+
|          customer|score|
+------------------+-----+
|Ben.Jones@test.com| -2.5|
+------------------+-----+

-------------------------------------------
Batch: 104
-------------------------------------------
+--------------------+-----+
|            customer|score|
+--------------------+-----+
|Travis.Clayton@te...| 13.0|
+--------------------+-----+

-------------------------------------------
Batch: 105
-------------------------------------------
+--------------------+-----+
|            customer|score|
+--------------------+-----+
|Sarah.Khatib@test...| -4.0|
+--------------------+-----+

-------------------------------------------
Batch: 106
-------------------------------------------
+--------------------+-----+
|            customer|score|
+--------------------+-----+
|Frank.Lincoln@tes...| 31.0|
+--------------------+-----+

-------------------------------------------
Batch: 107
-------------------------------------------
+--------------------+-----+
|            customer|score|
+--------------------+-----+
|Chris.Harris@test...| -8.0|
+--------------------+-----+

-------------------------------------------
Batch: 108
-------------------------------------------
+--------------------+-----+
|            customer|score|
+--------------------+-----+
|Spencer.Khatib@te...|  5.0|
+--------------------+-----+

-------------------------------------------
Batch: 109
-------------------------------------------
+--------------------+-----+
|            customer|score|
+--------------------+-----+
|Angie.Jefferson@t...|  7.0|
+--------------------+-----+

-------------------------------------------
Batch: 110
-------------------------------------------
+----------------+-----+
|        customer|score|
+----------------+-----+
|Gail.Wu@test.com|-22.0|
+----------------+-----+

-------------------------------------------
Batch: 111
-------------------------------------------
+--------------------+-----+
|            customer|score|
+--------------------+-----+
|David.Habschied@t...| -6.5|
+--------------------+-----+

-------------------------------------------
Batch: 112
-------------------------------------------
+--------------------+-----+
|            customer|score|
+--------------------+-----+
|Santosh.Spencer@t...| -5.5|
+--------------------+-----+

-------------------------------------------
Batch: 113
-------------------------------------------
+--------------------+-----+
|            customer|score|
+--------------------+-----+
|Sarah.Fibonnaci@t...|  1.0|
+--------------------+-----+

-------------------------------------------
Batch: 114
-------------------------------------------
+--------------------+-----+
|            customer|score|
+--------------------+-----+
|Larry.Spencer@tes...| 18.0|
+--------------------+-----+

-------------------------------------------
Batch: 115
-------------------------------------------
+--------------------+-----+
|            customer|score|
+--------------------+-----+
|Angie.Doshi@test.com|  5.0|
+--------------------+-----+

-------------------------------------------
Batch: 116
-------------------------------------------
+--------------------+-----+
|            customer|score|
+--------------------+-----+
|Sarah.Sanchez@tes...|-11.5|
+--------------------+-----+

-------------------------------------------
Batch: 117
-------------------------------------------
+----------------+-----+
|        customer|score|
+----------------+-----+
|Eric.Wu@test.com| 13.5|
+----------------+-----+

-------------------------------------------
Batch: 118
-------------------------------------------
+--------------------+-----+
|            customer|score|
+--------------------+-----+
|Danny.Mitra@test.com|-36.5|
+--------------------+-----+

-------------------------------------------
Batch: 119
-------------------------------------------
+-------------------+-----+
|           customer|score|
+-------------------+-----+
|John.Jones@test.com| -1.5|
+-------------------+-----+

-------------------------------------------
Batch: 120
-------------------------------------------
+--------------------+-----+
|            customer|score|
+--------------------+-----+
|Neeraj.Lincoln@te...| -2.5|
+--------------------+-----+

-------------------------------------------
Batch: 121
-------------------------------------------
+-------------------+-----+
|           customer|score|
+-------------------+-----+
|Jason.Huey@test.com| -3.5|
+-------------------+-----+

-------------------------------------------
Batch: 122
-------------------------------------------
+--------------------+-----+
|            customer|score|
+--------------------+-----+
|Santosh.Harris@te...| -5.5|
+--------------------+-----+

-------------------------------------------
Batch: 123
-------------------------------------------
+--------------------+-----+
|            customer|score|
+--------------------+-----+
|Jane.Anandh@test.com| -1.5|
+--------------------+-----+

-------------------------------------------
Batch: 124
-------------------------------------------
+--------------------+-----+
|            customer|score|
+--------------------+-----+
|Trevor.Lincoln@te...| -5.5|
+--------------------+-----+

-------------------------------------------
Batch: 125
-------------------------------------------
+--------------------+-----+
|            customer|score|
+--------------------+-----+
|David.Spencer@tes...| -1.5|
+--------------------+-----+

-------------------------------------------
Batch: 126
-------------------------------------------
+------------------+-----+
|          customer|score|
+------------------+-----+
|Ben.Jones@test.com| -2.5|
+------------------+-----+

-------------------------------------------
Batch: 127
-------------------------------------------
+--------------------+-----+
|            customer|score|
+--------------------+-----+
|Travis.Clayton@te...|  8.5|
+--------------------+-----+

-------------------------------------------
Batch: 128
-------------------------------------------
+--------------------+-----+
|            customer|score|
+--------------------+-----+
|Sarah.Khatib@test...| 18.5|
+--------------------+-----+

-------------------------------------------
Batch: 129
-------------------------------------------
+--------------------+-----+
|            customer|score|
+--------------------+-----+
|Frank.Lincoln@tes...| -9.5|
+--------------------+-----+

-------------------------------------------
Batch: 130
-------------------------------------------
+--------------------+-----+
|            customer|score|
+--------------------+-----+
|Chris.Harris@test...|-12.0|
+--------------------+-----+

-------------------------------------------
Batch: 131
-------------------------------------------
+--------------------+-----+
|            customer|score|
+--------------------+-----+
|Spencer.Khatib@te...| 27.5|
+--------------------+-----+

-------------------------------------------
Batch: 132
-------------------------------------------
+--------------------+-----+
|            customer|score|
+--------------------+-----+
|Angie.Jefferson@t...|-19.5|
+--------------------+-----+

-------------------------------------------
Batch: 133
-------------------------------------------
+----------------+-----+
|        customer|score|
+----------------+-----+
|Gail.Wu@test.com| 12.5|
+----------------+-----+

-------------------------------------------
Batch: 134
-------------------------------------------
+--------------------+-----+
|            customer|score|
+--------------------+-----+
|David.Habschied@t...| 15.5|
+--------------------+-----+

-------------------------------------------
Batch: 135
-------------------------------------------
+--------------------+-----+
|            customer|score|
+--------------------+-----+
|Santosh.Spencer@t...| -6.5|
+--------------------+-----+

-------------------------------------------
Batch: 136
-------------------------------------------
+--------------------+-----+
|            customer|score|
+--------------------+-----+
|Sarah.Fibonnaci@t...| 17.0|
+--------------------+-----+

