-------------------------------------------
Batch: 0
-------------------------------------------
+----------------------------------------------------------------------------------------------------------+
|value                                                                                                     |
+----------------------------------------------------------------------------------------------------------+
|{"customer":"Ben.Jones@test.com","score":-3.5,"email":"Ben.Jones@test.com","birthYear":"1950"}            |
|{"customer":"Ben.Jones@test.com","score":-4.0,"email":"Ben.Jones@test.com","birthYear":"1950"}            |
|{"customer":"John.Jones@test.com","score":-4.0,"email":"John.Jones@test.com","birthYear":"1960"}          |
|{"customer":"John.Jones@test.com","score":-2.0,"email":"John.Jones@test.com","birthYear":"1960"}          |
|{"customer":"Gail.Wu@test.com","score":-12.5,"email":"Gail.Wu@test.com","birthYear":"1940"}               |
|{"customer":"Gail.Wu@test.com","score":7.0,"email":"Gail.Wu@test.com","birthYear":"1940"}                 |
|{"customer":"Travis.Clayton@test.com","score":-12.0,"email":"Travis.Clayton@test.com","birthYear":"1949"} |
|{"customer":"Travis.Clayton@test.com","score":-29.5,"email":"Travis.Clayton@test.com","birthYear":"1949"} |
|{"customer":"Jason.Huey@test.com","score":-0.5,"email":"Jason.Huey@test.com","birthYear":"1958"}          |
|{"customer":"Jason.Huey@test.com","score":0.0,"email":"Jason.Huey@test.com","birthYear":"1958"}           |
|{"customer":"Larry.Spencer@test.com","score":13.0,"email":"Larry.Spencer@test.com","birthYear":"1965"}    |
|{"customer":"Larry.Spencer@test.com","score":-8.0,"email":"Larry.Spencer@test.com","birthYear":"1965"}    |
|{"customer":"Santosh.Harris@test.com","score":-3.0,"email":"Santosh.Harris@test.com","birthYear":"1957"}  |
|{"customer":"Santosh.Harris@test.com","score":-4.5,"email":"Santosh.Harris@test.com","birthYear":"1957"}  |
|{"customer":"David.Habschied@test.com","score":17.0,"email":"David.Habschied@test.com","birthYear":"1939"}|
|{"customer":"David.Habschied@test.com","score":44.5,"email":"David.Habschied@test.com","birthYear":"1939"}|
|{"customer":"Sarah.Fibonnaci@test.com","score":8.0,"email":"Sarah.Fibonnaci@test.com","birthYear":"1937"} |
|{"customer":"Eric.Wu@test.com","score":-32.0,"email":"Eric.Wu@test.com","birthYear":"1962"}               |
|{"customer":"Eric.Wu@test.com","score":-11.0,"email":"Eric.Wu@test.com","birthYear":"1962"}               |
|{"customer":"Spencer.Khatib@test.com","score":5.0,"email":"Spencer.Khatib@test.com","birthYear":"1942"}   |
+----------------------------------------------------------------------------------------------------------+
only showing top 20 rows

-------------------------------------------
Batch: 1
-------------------------------------------
+----------------------------------------------------------------------------------------------------------+
|value                                                                                                     |
+----------------------------------------------------------------------------------------------------------+
|{"customer":"Ben.Jones@test.com","score":-2.5,"email":"Ben.Jones@test.com","birthYear":"1950"}            |
|{"customer":"Ben.Jones@test.com","score":-0.5,"email":"Ben.Jones@test.com","birthYear":"1950"}            |
|{"customer":"John.Jones@test.com","score":-0.5,"email":"John.Jones@test.com","birthYear":"1960"}          |
|{"customer":"John.Jones@test.com","score":-0.5,"email":"John.Jones@test.com","birthYear":"1960"}          |
|{"customer":"Gail.Wu@test.com","score":19.0,"email":"Gail.Wu@test.com","birthYear":"1940"}                |
|{"customer":"Travis.Clayton@test.com","score":-4.0,"email":"Travis.Clayton@test.com","birthYear":"1949"}  |
|{"customer":"Travis.Clayton@test.com","score":11.5,"email":"Travis.Clayton@test.com","birthYear":"1949"}  |
|{"customer":"Jason.Huey@test.com","score":-1.0,"email":"Jason.Huey@test.com","birthYear":"1958"}          |
|{"customer":"Jason.Huey@test.com","score":-3.0,"email":"Jason.Huey@test.com","birthYear":"1958"}          |
|{"customer":"Larry.Spencer@test.com","score":-10.5,"email":"Larry.Spencer@test.com","birthYear":"1965"}   |
|{"customer":"Santosh.Harris@test.com","score":-5.0,"email":"Santosh.Harris@test.com","birthYear":"1957"}  |
|{"customer":"Larry.Spencer@test.com","score":-6.5,"email":"Larry.Spencer@test.com","birthYear":"1965"}    |
|{"customer":"Santosh.Harris@test.com","score":-2.5,"email":"Santosh.Harris@test.com","birthYear":"1957"}  |
|{"customer":"David.Habschied@test.com","score":23.0,"email":"David.Habschied@test.com","birthYear":"1939"}|
|{"customer":"Sarah.Fibonnaci@test.com","score":0.5,"email":"Sarah.Fibonnaci@test.com","birthYear":"1937"} |
|{"customer":"Sarah.Fibonnaci@test.com","score":0.0,"email":"Sarah.Fibonnaci@test.com","birthYear":"1937"} |
|{"customer":"Eric.Wu@test.com","score":26.0,"email":"Eric.Wu@test.com","birthYear":"1962"}                |
|{"customer":"Eric.Wu@test.com","score":-1.0,"email":"Eric.Wu@test.com","birthYear":"1962"}                |
|{"customer":"Spencer.Khatib@test.com","score":-0.5,"email":"Spencer.Khatib@test.com","birthYear":"1942"}  |
|{"customer":"Angie.Jefferson@test.com","score":1.5,"email":"Angie.Jefferson@test.com","birthYear":"1941"} |
+----------------------------------------------------------------------------------------------------------+
only showing top 20 rows

-------------------------------------------
Batch: 2
-------------------------------------------
+-----------------------------------------------------------------------------------------------------------+
|value                                                                                                      |
+-----------------------------------------------------------------------------------------------------------+
|{"customer":"Ben.Jones@test.com","score":-1.0,"email":"Ben.Jones@test.com","birthYear":"1950"}             |
|{"customer":"John.Jones@test.com","score":-1.5,"email":"John.Jones@test.com","birthYear":"1960"}           |
|{"customer":"Gail.Wu@test.com","score":-5.0,"email":"Gail.Wu@test.com","birthYear":"1940"}                 |
|{"customer":"Travis.Clayton@test.com","score":23.5,"email":"Travis.Clayton@test.com","birthYear":"1949"}   |
|{"customer":"Jason.Huey@test.com","score":-3.5,"email":"Jason.Huey@test.com","birthYear":"1958"}           |
|{"customer":"Larry.Spencer@test.com","score":-11.0,"email":"Larry.Spencer@test.com","birthYear":"1965"}    |
|{"customer":"Santosh.Harris@test.com","score":-2.0,"email":"Santosh.Harris@test.com","birthYear":"1957"}   |
|{"customer":"David.Habschied@test.com","score":-4.5,"email":"David.Habschied@test.com","birthYear":"1939"} |
|{"customer":"Sarah.Fibonnaci@test.com","score":-7.0,"email":"Sarah.Fibonnaci@test.com","birthYear":"1937"} |
|{"customer":"Eric.Wu@test.com","score":-33.0,"email":"Eric.Wu@test.com","birthYear":"1962"}                |
|{"customer":"Spencer.Khatib@test.com","score":-31.0,"email":"Spencer.Khatib@test.com","birthYear":"1942"}  |
|{"customer":"Spencer.Khatib@test.com","score":-22.0,"email":"Spencer.Khatib@test.com","birthYear":"1942"}  |
|{"customer":"Angie.Jefferson@test.com","score":-15.0,"email":"Angie.Jefferson@test.com","birthYear":"1941"}|
|{"customer":"Angie.Jefferson@test.com","score":12.5,"email":"Angie.Jefferson@test.com","birthYear":"1941"} |
|{"customer":"Neeraj.Lincoln@test.com","score":-4.0,"email":"Neeraj.Lincoln@test.com","birthYear":"1959"}   |
|{"customer":"Jane.Anandh@test.com","score":-2.0,"email":"Jane.Anandh@test.com","birthYear":"1956"}         |
|{"customer":"David.Spencer@test.com","score":-1.0,"email":"David.Spencer@test.com","birthYear":"1953"}     |
|{"customer":"Danny.Mitra@test.com","score":41.5,"email":"Danny.Mitra@test.com","birthYear":"1961"}         |
|{"customer":"Chris.Harris@test.com","score":-6.0,"email":"Chris.Harris@test.com","birthYear":"1944"}       |
|{"customer":"Chris.Harris@test.com","score":-0.5,"email":"Chris.Harris@test.com","birthYear":"1944"}       |
+-----------------------------------------------------------------------------------------------------------+
only showing top 20 rows

-------------------------------------------
Batch: 3
-------------------------------------------
+-----------------------------------------------------------------------------------------------------------+
|value                                                                                                      |
+-----------------------------------------------------------------------------------------------------------+
|{"customer":"Ben.Jones@test.com","score":-2.5,"email":"Ben.Jones@test.com","birthYear":"1950"}             |
|{"customer":"John.Jones@test.com","score":-2.0,"email":"John.Jones@test.com","birthYear":"1960"}           |
|{"customer":"Gail.Wu@test.com","score":-31.5,"email":"Gail.Wu@test.com","birthYear":"1940"}                |
|{"customer":"Travis.Clayton@test.com","score":13.0,"email":"Travis.Clayton@test.com","birthYear":"1949"}   |
|{"customer":"Jason.Huey@test.com","score":-3.0,"email":"Jason.Huey@test.com","birthYear":"1958"}           |
|{"customer":"Larry.Spencer@test.com","score":-14.0,"email":"Larry.Spencer@test.com","birthYear":"1965"}    |
|{"customer":"Santosh.Harris@test.com","score":-4.5,"email":"Santosh.Harris@test.com","birthYear":"1957"}   |
|{"customer":"David.Habschied@test.com","score":-17.5,"email":"David.Habschied@test.com","birthYear":"1939"}|
|{"customer":"Sarah.Fibonnaci@test.com","score":-2.5,"email":"Sarah.Fibonnaci@test.com","birthYear":"1937"} |
|{"customer":"Eric.Wu@test.com","score":-14.5,"email":"Eric.Wu@test.com","birthYear":"1962"}                |
|{"customer":"Spencer.Khatib@test.com","score":5.0,"email":"Spencer.Khatib@test.com","birthYear":"1942"}    |
|{"customer":"Angie.Jefferson@test.com","score":7.0,"email":"Angie.Jefferson@test.com","birthYear":"1941"}  |
|{"customer":"Neeraj.Lincoln@test.com","score":-3.0,"email":"Neeraj.Lincoln@test.com","birthYear":"1959"}   |
|{"customer":"Jane.Anandh@test.com","score":-0.5,"email":"Jane.Anandh@test.com","birthYear":"1956"}         |
|{"customer":"David.Spencer@test.com","score":-1.0,"email":"David.Spencer@test.com","birthYear":"1953"}     |
|{"customer":"Danny.Mitra@test.com","score":-2.0,"email":"Danny.Mitra@test.com","birthYear":"1961"}         |
|{"customer":"Chris.Harris@test.com","score":-8.0,"email":"Chris.Harris@test.com","birthYear":"1944"}       |
|{"customer":"Angie.Doshi@test.com","score":-36.5,"email":"Angie.Doshi@test.com","birthYear":"1964"}        |
|{"customer":"Sarah.Khatib@test.com","score":-4.0,"email":"Sarah.Khatib@test.com","birthYear":"1946"}       |
|{"customer":"Trevor.Lincoln@test.com","score":-5.0,"email":"Trevor.Lincoln@test.com","birthYear":"1954"}   |
+-----------------------------------------------------------------------------------------------------------+
only showing top 20 rows

-------------------------------------------
Batch: 4
-------------------------------------------
+----------------------------------------------------------------------------------------------------------+
|value                                                                                                     |
+----------------------------------------------------------------------------------------------------------+
|{"customer":"Ben.Jones@test.com","score":-2.5,"email":"Ben.Jones@test.com","birthYear":"1950"}            |
|{"customer":"John.Jones@test.com","score":-1.5,"email":"John.Jones@test.com","birthYear":"1960"}          |
|{"customer":"Gail.Wu@test.com","score":-22.0,"email":"Gail.Wu@test.com","birthYear":"1940"}               |
|{"customer":"Travis.Clayton@test.com","score":8.5,"email":"Travis.Clayton@test.com","birthYear":"1949"}   |
|{"customer":"Jason.Huey@test.com","score":-3.5,"email":"Jason.Huey@test.com","birthYear":"1958"}          |
|{"customer":"Larry.Spencer@test.com","score":18.0,"email":"Larry.Spencer@test.com","birthYear":"1965"}    |
|{"customer":"Santosh.Harris@test.com","score":-5.5,"email":"Santosh.Harris@test.com","birthYear":"1957"}  |
|{"customer":"David.Habschied@test.com","score":-6.5,"email":"David.Habschied@test.com","birthYear":"1939"}|
|{"customer":"Sarah.Fibonnaci@test.com","score":1.0,"email":"Sarah.Fibonnaci@test.com","birthYear":"1937"} |
|{"customer":"Eric.Wu@test.com","score":13.5,"email":"Eric.Wu@test.com","birthYear":"1962"}                |
|{"customer":"Spencer.Khatib@test.com","score":27.5,"email":"Spencer.Khatib@test.com","birthYear":"1942"}  |
|{"customer":"Neeraj.Lincoln@test.com","score":-2.5,"email":"Neeraj.Lincoln@test.com","birthYear":"1959"}  |
|{"customer":"Jane.Anandh@test.com","score":-1.5,"email":"Jane.Anandh@test.com","birthYear":"1956"}        |
|{"customer":"David.Spencer@test.com","score":-1.5,"email":"David.Spencer@test.com","birthYear":"1953"}    |
|{"customer":"Danny.Mitra@test.com","score":-36.5,"email":"Danny.Mitra@test.com","birthYear":"1961"}       |
|{"customer":"Chris.Harris@test.com","score":-12.0,"email":"Chris.Harris@test.com","birthYear":"1944"}     |
|{"customer":"Angie.Doshi@test.com","score":5.0,"email":"Angie.Doshi@test.com","birthYear":"1964"}         |
|{"customer":"Sarah.Khatib@test.com","score":18.5,"email":"Sarah.Khatib@test.com","birthYear":"1946"}      |
|{"customer":"Trevor.Lincoln@test.com","score":-5.5,"email":"Trevor.Lincoln@test.com","birthYear":"1954"}  |
|{"customer":"Santosh.Spencer@test.com","score":-5.5,"email":"Santosh.Spencer@test.com","birthYear":"1938"}|
+----------------------------------------------------------------------------------------------------------+
only showing top 20 rows

