Spark Command: /usr/lib/jvm/java-8-openjdk-amd64/jre/bin/java -cp /opt/spark-2.3.4-bin-hadoop2.7/conf/:/opt/spark-2.3.4-bin-hadoop2.7/jars/* -Xmx1g org.apache.spark.deploy.master.Master --host 5b1c59111280 --port 7077 --webui-port 8080
========================================
2023-04-17 08:23:06 INFO  Master:2612 - Started daemon with process name: 1595@5b1c59111280
2023-04-17 08:23:06 INFO  SignalUtils:54 - Registered signal handler for TERM
2023-04-17 08:23:06 INFO  SignalUtils:54 - Registered signal handler for HUP
2023-04-17 08:23:06 INFO  SignalUtils:54 - Registered signal handler for INT
2023-04-17 08:23:08 WARN  NativeCodeLoader:62 - Unable to load native-hadoop library for your platform... using builtin-java classes where applicable
2023-04-17 08:23:08 INFO  SecurityManager:54 - Changing view acls to: root
2023-04-17 08:23:08 INFO  SecurityManager:54 - Changing modify acls to: root
2023-04-17 08:23:08 INFO  SecurityManager:54 - Changing view acls groups to: 
2023-04-17 08:23:08 INFO  SecurityManager:54 - Changing modify acls groups to: 
2023-04-17 08:23:08 INFO  SecurityManager:54 - SecurityManager: authentication disabled; ui acls disabled; users  with view permissions: Set(root); groups with view permissions: Set(); users  with modify permissions: Set(root); groups with modify permissions: Set()
2023-04-17 08:23:08 INFO  Utils:54 - Successfully started service 'sparkMaster' on port 7077.
2023-04-17 08:23:09 INFO  Master:54 - Starting Spark master at spark://5b1c59111280:7077
2023-04-17 08:23:09 INFO  Master:54 - Running Spark version 2.3.4
2023-04-17 08:23:09 INFO  log:192 - Logging initialized @4067ms
2023-04-17 08:23:09 INFO  Server:351 - jetty-9.3.z-SNAPSHOT, build timestamp: unknown, git hash: unknown
2023-04-17 08:23:09 INFO  Server:419 - Started @4251ms
2023-04-17 08:23:09 INFO  AbstractConnector:278 - Started ServerConnector@65aff44d{HTTP/1.1,[http/1.1]}{0.0.0.0:8080}
2023-04-17 08:23:09 INFO  Utils:54 - Successfully started service 'MasterUI' on port 8080.
2023-04-17 08:23:09 INFO  ContextHandler:781 - Started o.s.j.s.ServletContextHandler@5b883243{/app,null,AVAILABLE,@Spark}
2023-04-17 08:23:09 INFO  ContextHandler:781 - Started o.s.j.s.ServletContextHandler@3384e6cf{/app/json,null,AVAILABLE,@Spark}
2023-04-17 08:23:09 INFO  ContextHandler:781 - Started o.s.j.s.ServletContextHandler@76481e02{/,null,AVAILABLE,@Spark}
2023-04-17 08:23:09 INFO  ContextHandler:781 - Started o.s.j.s.ServletContextHandler@74802d09{/json,null,AVAILABLE,@Spark}
2023-04-17 08:23:09 INFO  ContextHandler:781 - Started o.s.j.s.ServletContextHandler@60a60fc8{/static,null,AVAILABLE,@Spark}
2023-04-17 08:23:09 INFO  ContextHandler:781 - Started o.s.j.s.ServletContextHandler@6c4c45b3{/app/kill,null,AVAILABLE,@Spark}
2023-04-17 08:23:09 INFO  ContextHandler:781 - Started o.s.j.s.ServletContextHandler@24ff7912{/driver/kill,null,AVAILABLE,@Spark}
2023-04-17 08:23:09 INFO  MasterWebUI:54 - Bound MasterWebUI to 0.0.0.0, and started at http://5b1c59111280:8080
2023-04-17 08:23:09 INFO  Server:351 - jetty-9.3.z-SNAPSHOT, build timestamp: unknown, git hash: unknown
2023-04-17 08:23:09 INFO  ContextHandler:781 - Started o.s.j.s.ServletContextHandler@69b9b19f{/,null,AVAILABLE}
2023-04-17 08:23:09 INFO  AbstractConnector:278 - Started ServerConnector@2bccd3d5{HTTP/1.1,[http/1.1]}{5b1c59111280:6066}
2023-04-17 08:23:09 INFO  Server:419 - Started @4594ms
2023-04-17 08:23:09 INFO  Utils:54 - Successfully started service on port 6066.
2023-04-17 08:23:09 INFO  StandaloneRestServer:54 - Started REST server for submitting applications on port 6066
2023-04-17 08:23:10 INFO  ContextHandler:781 - Started o.s.j.s.ServletContextHandler@6abfff05{/metrics/master/json,null,AVAILABLE,@Spark}
2023-04-17 08:23:10 INFO  ContextHandler:781 - Started o.s.j.s.ServletContextHandler@1f1b1753{/metrics/applications/json,null,AVAILABLE,@Spark}
2023-04-17 08:23:10 INFO  Master:54 - I have been elected leader! New state: ALIVE
2023-04-17 08:23:43 INFO  Master:54 - Registering worker 172.18.0.2:35537 with 2 cores, 6.3 GB RAM
